0 info it worked if it ends with ok
1 verbose cli [ '/usr/local/bin/node',
1 verbose cli   '/usr/local/bin/npm',
1 verbose cli   'install',
1 verbose cli   'socket-io',
1 verbose cli   '--save.c' ]
2 info using npm@2.14.7
3 info using node@v4.2.1
4 verbose install initial load of /Users/BrandonMohajeri/Desktop/package.json
5 verbose installManyTop reading scoped package data from /Users/BrandonMohajeri/Desktop/node_modules/body-parser/package.json
6 verbose installManyTop reading scoped package data from /Users/BrandonMohajeri/Desktop/node_modules/ejs/package.json
7 verbose installManyTop reading scoped package data from /Users/BrandonMohajeri/Desktop/node_modules/mongodb/package.json
8 verbose installManyTop reading scoped package data from /Users/BrandonMohajeri/Desktop/node_modules/request/package.json
9 verbose installManyTop reading scoped package data from /Users/BrandonMohajeri/Desktop/node_modules/socket-io-server/package.json
10 verbose installManyTop reading scoped package data from /Users/BrandonMohajeri/Desktop/node_modules/socket.io/package.json
11 verbose installManyTop reading scoped package data from /Users/BrandonMohajeri/Desktop/node_modules/websocket/package.json
12 info package.json socket.io@1.3.7 No license field.
13 verbose readDependencies loading dependencies from /Users/BrandonMohajeri/Desktop/package.json
14 silly cache add args [ 'socket-io', null ]
15 verbose cache add spec socket-io
16 silly cache add parsed spec Result {
16 silly cache add   raw: 'socket-io',
16 silly cache add   scope: null,
16 silly cache add   name: 'socket-io',
16 silly cache add   rawSpec: '',
16 silly cache add   spec: '*',
16 silly cache add   type: 'range' }
17 silly addNamed socket-io@*
18 verbose addNamed "*" is a valid semver range for socket-io
19 silly addNameRange { name: 'socket-io', range: '*', hasData: false }
20 silly mapToRegistry name socket-io
21 silly mapToRegistry using default registry
22 silly mapToRegistry registry https://registry.npmjs.org/
23 silly mapToRegistry uri https://registry.npmjs.org/socket-io
24 verbose addNameRange registry:https://registry.npmjs.org/socket-io not in flight; fetching
25 verbose request uri https://registry.npmjs.org/socket-io
26 verbose request no auth needed
27 info attempt registry request try #1 at 4:06:03 PM
28 verbose request id b913ac53977f23b0
29 http request GET https://registry.npmjs.org/socket-io
30 http 404 https://registry.npmjs.org/socket-io
31 verbose headers { 'content-type': 'application/json',
31 verbose headers   'cache-control': 'max-age=0',
31 verbose headers   'content-length': '2',
31 verbose headers   'accept-ranges': 'bytes',
31 verbose headers   date: 'Wed, 18 Nov 2015 00:06:03 GMT',
31 verbose headers   via: '1.1 varnish',
31 verbose headers   connection: 'keep-alive',
31 verbose headers   'x-served-by': 'cache-sjc3134-SJC',
31 verbose headers   'x-cache': 'MISS',
31 verbose headers   'x-cache-hits': '0',
31 verbose headers   'x-timer': 'S1447805163.153259,VS0,VE93' }
32 silly get cb [ 404,
32 silly get   { 'content-type': 'application/json',
32 silly get     'cache-control': 'max-age=0',
32 silly get     'content-length': '2',
32 silly get     'accept-ranges': 'bytes',
32 silly get     date: 'Wed, 18 Nov 2015 00:06:03 GMT',
32 silly get     via: '1.1 varnish',
32 silly get     connection: 'keep-alive',
32 silly get     'x-served-by': 'cache-sjc3134-SJC',
32 silly get     'x-cache': 'MISS',
32 silly get     'x-cache-hits': '0',
32 silly get     'x-timer': 'S1447805163.153259,VS0,VE93' } ]
33 verbose stack Error: Registry returned 404 for GET on https://registry.npmjs.org/socket-io
33 verbose stack     at makeError (/usr/local/lib/node_modules/npm/node_modules/npm-registry-client/lib/request.js:264:12)
33 verbose stack     at CachingRegistryClient.<anonymous> (/usr/local/lib/node_modules/npm/node_modules/npm-registry-client/lib/request.js:242:14)
33 verbose stack     at Request._callback (/usr/local/lib/node_modules/npm/node_modules/npm-registry-client/lib/request.js:172:14)
33 verbose stack     at Request.self.callback (/usr/local/lib/node_modules/npm/node_modules/request/request.js:198:22)
33 verbose stack     at emitTwo (events.js:87:13)
33 verbose stack     at Request.emit (events.js:172:7)
33 verbose stack     at Request.<anonymous> (/usr/local/lib/node_modules/npm/node_modules/request/request.js:1063:14)
33 verbose stack     at emitOne (events.js:82:20)
33 verbose stack     at Request.emit (events.js:169:7)
33 verbose stack     at IncomingMessage.<anonymous> (/usr/local/lib/node_modules/npm/node_modules/request/request.js:1009:12)
34 verbose statusCode 404
35 verbose pkgid socket-io
36 verbose cwd /Users/BrandonMohajeri/Desktop/LeafInvestments
37 error Darwin 14.5.0
38 error argv "/usr/local/bin/node" "/usr/local/bin/npm" "install" "socket-io" "--save.c"
39 error node v4.2.1
40 error npm  v2.14.7
41 error code E404
42 error 404 Registry returned 404 for GET on https://registry.npmjs.org/socket-io
42 error 404
42 error 404 'socket-io' is not in the npm registry.
42 error 404 You should bug the author to publish it (or use the name yourself!)
42 error 404
42 error 404 Note that you can also install from a
42 error 404 tarball, folder, http url, or git url.
43 verbose exit [ 1, true ]
